<?xml version="1.0" encoding="UTF-8"?>
<testng-results ignored="0" total="1" passed="1" failed="0" skipped="0">
  <reporter-output>
  </reporter-output>
  <suite started-at="2024-11-06T14:56:54 IST" name="Default suite" finished-at="2024-11-06T14:57:45 IST" duration-ms="51726">
    <groups>
    </groups>
    <test started-at="2024-11-06T14:56:54 IST" name="Default test" finished-at="2024-11-06T14:57:45 IST" duration-ms="51726">
      <class name="testngpkg.Amazonwindowhandles">
        <test-method is-config="true" signature="setup()[pri:0, instance:testngpkg.Amazonwindowhandles@750e2b97]" started-at="2024-11-06T14:56:54 IST" name="setup" finished-at="2024-11-06T14:57:28 IST" duration-ms="34450" status="PASS">
          <reporter-output>
          </reporter-output>
        </test-method> <!-- setup -->
        <test-method signature="ama()[pri:0, instance:testngpkg.Amazonwindowhandles@750e2b97]" started-at="2024-11-06T14:57:28 IST" name="ama" finished-at="2024-11-06T14:57:45 IST" duration-ms="17248" status="PASS">
          <reporter-output>
          </reporter-output>
        </test-method> <!-- ama -->
      </class> <!-- testngpkg.Amazonwindowhandles -->
    </test> <!-- Default test -->
  </suite> <!-- Default suite -->
</testng-results>
